make all --print-data-base --no-builtin-variables --no-builtin-rules --question
# GNU Make 3.81
# Copyright (C) 2006  Free Software Foundation, Inc.
# This is free software; see the source for copying conditions.
# There is NO warranty; not even for MERCHANTABILITY or FITNESS FOR A
# PARTICULAR PURPOSE.

# This program built for i386-apple-darwin11.3.0

# Make data base, printed on Sun Mar  6 13:47:57 2022

# Variables

# automatic
<D = $(patsubst %/,%,$(dir $<))
# automatic
?F = $(notdir $?)
# environment
LOGGER_TIME_FIELD_FORMAT = 15:04:05.999999999
# environment
VSCODE_LOG_NATIVE = false
# automatic
?D = $(patsubst %/,%,$(dir $?))
# environment
MYSQL_DATA_SOURCE_NAME = root:pass@/?loc=Asia%2FTokyo&parseTime=true&timeout=30s
# automatic
@D = $(patsubst %/,%,$(dir $@))
# automatic
@F = $(notdir $@)
# makefile
CURDIR := /Users/s01638/dev/go-local
# makefile
SHELL = /bin/sh
# environment
VSCODE_NLS_CONFIG = {"locale":"ja","availableLanguages":{},"_languagePackSupport":true}
# environment
_ = /usr/bin/make
# environment
GOOGLE_APPLICATION_CREDENTIALS = /Users/s01638/.config/gcloud/application_default_credentials.json
# environment
MYSQL_PORT = 
# makefile (from `Makefile', line 1)
MAKEFILE_LIST :=  Makefile
# environment
GO111MODULE = auto
# environment
VSCODE_AMD_ENTRYPOINT = vs/workbench/api/node/extensionHostProcess
# environment
FTO_GOOGLE_CLIENT_ID = 549474707249-18bmn009r4osoqqhal5p6p10ine71smf.apps.googleusercontent.com
# environment
VSCODE_VERBOSE_LOGGING = true
# environment
__CFBundleIdentifier = com.microsoft.VSCode
# environment
MYSQL_MAX_IDLE_CONNS = 0
# environment
VSCODE_IPC_HOOK_EXTHOST = /var/folders/sr/gn98ybys1dv_9m6p4yl9qj39h0wsb9/T/vscode-ipc-f3cc5b4a-a71f-49d0-a85c-9a1c3240de15.sock
# environment
VSCODE_CWD = /
# environment
GOPROXY = https://proxy.golang.org,direct
# environment
WASM_LLVM_CONFIG = /Users/s01638/wasm-compiler/llvm/bin/llvm-config
# environment
PATH = /Users/s01638/google-cloud-sdk/bin:/Users/s01638/go/bin:/usr/local/bin:/usr/bin:/bin:/usr/sbin:/sbin:/Library/Apple/usr/bin:/Users/s01638/google-cloud-sdk/bin:/Users/s01638/go/bin:/Users/s01638/flutter/bin:/Users/s01638/.nodebrew/current/bin:/Users/s01638/.npm-global/bin:/Users/s01638/bin:./node_modules/.bin:/Users/s01638/.composer/vendor/bin:/Users/s01638/flutter/bin:/Users/s01638/.nodebrew/current/bin:/Users/s01638/.npm-global/bin:/Users/s01638/bin:./node_modules/.bin:/Users/s01638/go/bin:/Users/s01638/flutter/bin:/Users/s01638/.composer/vendor/bin
# environment
CONSOLE_SESSION_EXPIRES_IN = 2h
# environment
NODE_ENV = development
# environment
LOGGER_ROOT_LEVEL = debug
# environment
GOPATH = /Users/s01638/go
# environment
FTO_GOOGLE_CLIENT_SECRET = P5TEHI7MokC_lVdkUci4PikF
# environment
VSCODE_LOG_STACK = false
# environment
ELECTRON_RUN_AS_NODE = 1
# default
.FEATURES := target-specific order-only second-expansion else-if archives jobserver check-symlink
# environment
SSH_AUTH_SOCK = /private/tmp/com.apple.launchd.F5lCbeybYt/Listeners
# automatic
%F = $(notdir $%)
# environment
GOBIN = /Users/s01638/bin
# automatic
*F = $(notdir $*)
# default
MAKEFILES := 
# environment
DOCKER_BUILDKIT = 1
# environment
VSCODE_PIPE_LOGGING = true
# environment
CLOUDFLARE_ACCESS_TOKEN = 
# environment
PWD = /Users/s01638/dev/go-local
# environment
LC_TERMINAL = iTerm2
# environment
ORIGINAL_XDG_CURRENT_DESKTOP = undefined
# environment
GOMODCACHE = /Users/s01638/.cache/go_mod
# environment
HOME = /Users/s01638
# default
MAKEFILEPATH := /Applications/Xcode.app/Contents/Developer/Makefiles
# environment
DATA_EXPORT_ENV_TEMP_LOCATION_FORMAT = 
# environment
VSCODE_CODE_CACHE_PATH = /Users/s01638/Library/Application Support/Code/CachedData/b5205cc8eb4fbaa726835538cd82372cc0222d43
# environment
LOGNAME = s01638
# environment
APPLICATION_INSIGHTS_NO_DIAGNOSTIC_CHANNEL = 1
# environment
VSCODE_HANDLES_UNCAUGHT_ERRORS = true
# automatic
^D = $(patsubst %/,%,$(dir $^))
# environment
IAM_CREDENTIALS_SERVER_ACCOUNT = 
# environment
XPC_FLAGS = 0x0
# environment
COLORTERM = truecolor
# default
MAKE = $(MAKE_COMMAND)
# environment
RUST_SRC_PATH = /Users/s01638/rustc-1.4.0/src
# environment
DATA_EXPORT_JOB_NAME_FORMAT = 
# environment
SHLVL = 2
# environment
LLVM_DIR = /usr/local/Cellar/llvm/4.0.1/lib/cmake/llvm
# default
MAKE_VERSION := 3.81
# environment
USER = s01638
# makefile
.DEFAULT_GOAL := 
# default
MAKECMDGOALS := all
# environment
TERM_SESSION_ID = w0t0p0:7D5A0186-24F4-4B17-8D3F-B4DC06A1207F
# environment
LESS = -iRMXS -R
# automatic
%D = $(patsubst %/,%,$(dir $%))
# default
MAKE_COMMAND := /Applications/Xcode.app/Contents/Developer/usr/bin/make
# environment
BUILD_ENV = local
# environment
elastic = 
# environment
TERM_PROGRAM = iTerm.app
# default
.VARIABLES := 
# environment
TMPDIR = /var/folders/sr/gn98ybys1dv_9m6p4yl9qj39h0wsb9/T/
# environment
JFROG_AUTH_URL = https://caminc.jfrog.io/caminc/api/npm/default
# environment
VSCODE_IPC_HOOK = /Users/s01638/Library/Application Support/Code/1.65.0-main.sock
# makefile
MAKEFLAGS = Rrqp
# environment
MYSQL_ADDRESS = 
# environment
MFLAGS = -Rrqp
# automatic
*D = $(patsubst %/,%,$(dir $*))
# environment
TERM_PROGRAM_VERSION = 3.4.15
# environment
XPC_SERVICE_NAME = application.com.microsoft.VSCode.19030373.19030379
# environment
LC_TERMINAL_VERSION = 3.4.15
# automatic
+D = $(patsubst %/,%,$(dir $+))
# automatic
+F = $(notdir $+)
# environment
ITERM_SESSION_ID = w0t0p0:7D5A0186-24F4-4B17-8D3F-B4DC06A1207F
# environment
MYSQL_MAX_OPEN_CONNS = 2
# environment
COLORFGBG = 7;0
# environment
__CF_USER_TEXT_ENCODING = 0x600E6569:0x1:0xE
# environment
MYSQL_PASSWORD = pass
# environment
COMMAND_MODE = unix2003
# environment
MYSQL_CONN_MAX_LIFETIME = 55m
# automatic
<F = $(notdir $<)
# environment
ITERM_PROFILE = Default
# environment
LC_ALL = C
# automatic
^F = $(notdir $^)
# environment
JFROG_USER_NAME = mizutani_norito@cam-inc.co.jp
# default
SUFFIXES := 
# environment
APP_PORT = 8080
# environment
PROJECT_ID = cyberagent-285
# environment
DATA_EXPORT_GCS_PATH_FORMAT = 
# default
.INCLUDE_DIRS = /usr/local/include
# environment
MYSQL_USER = root
# environment
MAKELEVEL := 0
# environment
ENV = local
# environment
LANG = C
# environment
TERM = xterm-256color
# environment
JFROG_CREDENTIAL = AKCp8hzD9F1rKxKPPFikPqEyqa26qdz4g2jrCLpH1vT4ZN48St295sQrYwn6iHse7BZtG9rfM
# environment
VSCODE_PID = 1779
# environment
DATA_EXPORT_ENV_WORKER_REGION = 
# variable set hash-table stats:
# Load=111/1024=11%, Rehash=0, Collisions=10/134=7%

# Pattern-specific Variable Values

# No pattern-specific variable values.

# Directories

# . (device 16777220, inode 18297522): 13 files, no impossibilities.

# 13 files, no impossibilities in 1 directories.

# Implicit Rules

# No implicit rules.

# Files

# Not a target:
all:
#  Command-line target.
#  Implicit rule search has been done.
#  File does not exist.
#  File has not been updated.
# variable set hash-table stats:
# Load=0/32=0%, Rehash=0, Collisions=0/0=0%

# Not a target:
.SUFFIXES:
#  Implicit rule search has not been done.
#  Modification time never checked.
#  File has not been updated.

# Not a target:
Makefile:
#  Implicit rule search has been done.
#  Last modified 2022-03-06 13:25:35
#  File has been updated.
#  Successfully updated.
# variable set hash-table stats:
# Load=0/32=0%, Rehash=0, Collisions=0/0=0%

# Not a target:
.DEFAULT:
#  Implicit rule search has not been done.
#  Modification time never checked.
#  File has not been updated.

# files hash-table stats:
# Load=4/1024=0%, Rehash=0, Collisions=0/16=0%
# VPATH Search Paths

# No `vpath' search paths.

# No general (`VPATH' variable) search path.

# # of strings in strcache: 1
# # of strcache buffers: 1
# strcache size: total = 4096 / max = 4096 / min = 4096 / avg = 4096
# strcache free: total = 4087 / max = 4087 / min = 4087 / avg = 4087

# Finished Make data base on Sun Mar  6 13:47:57 2022

 
make: *** No rule to make target `all'.  Stop.
 
